<?xml version="1.0" encoding="UTF-8"?>
<testng-results skipped="0" failed="0" total="2" passed="2">
  <reporter-output>
  </reporter-output>
  <suite name="Default suite" duration-ms="57463" started-at="2021-09-01T09:41:19Z" finished-at="2021-09-01T09:42:16Z">
    <groups>
    </groups>
    <test name="Default test" duration-ms="57463" started-at="2021-09-01T09:41:19Z" finished-at="2021-09-01T09:42:16Z">
      <class name="test.new_window">
        <test-method status="PASS" signature="setup()[pri:0, instance:test.new_window@2cd91f]" name="setup" duration-ms="25609" started-at="2021-09-01T15:11:19Z" finished-at="2021-09-01T15:11:44Z">
          <reporter-output>
          </reporter-output>
        </test-method> <!-- setup -->
        <test-method status="PASS" signature="window()[pri:0, instance:test.new_window@2cd91f]" name="window" duration-ms="31833" started-at="2021-09-01T15:11:44Z" finished-at="2021-09-01T15:12:16Z">
          <reporter-output>
          </reporter-output>
        </test-method> <!-- window -->
      </class> <!-- test.new_window -->
    </test> <!-- Default test -->
  </suite> <!-- Default suite -->
</testng-results>
