<?xml version="1.0" encoding="UTF-8"?>
<testng-results skipped="0" failed="0" total="1" passed="1">
  <reporter-output>
  </reporter-output>
  <suite name="Default suite" duration-ms="23557" started-at="2021-08-31T07:14:41Z" finished-at="2021-08-31T07:15:04Z">
    <groups>
    </groups>
    <test name="Default test" duration-ms="23557" started-at="2021-08-31T07:14:41Z" finished-at="2021-08-31T07:15:04Z">
      <class name="test.launch">
        <test-method status="PASS" signature="setup()[pri:0, instance:test.launch@c300f1]" name="setup" duration-ms="23531" started-at="2021-08-31T12:44:41Z" finished-at="2021-08-31T12:45:04Z">
          <reporter-output>
          </reporter-output>
        </test-method> <!-- setup -->
      </class> <!-- test.launch -->
    </test> <!-- Default test -->
  </suite> <!-- Default suite -->
</testng-results>
